<?xml version="1.0" encoding="UTF-8"?>
<!-- Generated by org.testng.reporters.JUnitReportReporter -->
<testsuite skipped="0" hostname="DESKTOP-AI3GI36" name="com.Testing.Annotation.Parallel_MultiThreading" tests="2" failures="0" timestamp="2022-03-31T17:58:54 IST" time="0.032" errors="0">
  <testcase name="username" time="0.016" classname="com.Testing.Annotation.Parallel_MultiThreading"/>
  <system-out/>
  <testcase name="password" time="0.016" classname="com.Testing.Annotation.Parallel_MultiThreading"/>
  <system-out/>
</testsuite> <!-- com.Testing.Annotation.Parallel_MultiThreading -->
