<?xml version="1.0" encoding="UTF-8"?>
<!-- Generated by org.testng.reporters.JUnitReportReporter -->
<testsuite skipped="0" hostname="DESKTOP-AI3GI36" name="com.Testing.Annotation.Groups_concept" tests="3" failures="0" timestamp="2022-03-29T14:43:53 IST" time="0.039" errors="0">
  <testcase name="wynkmusic" time="0.023" classname="com.Testing.Annotation.Groups_concept"/>
  <system-out/>
  <testcase name="books" time="0.000" classname="com.Testing.Annotation.Groups_concept"/>
  <system-out/>
  <testcase name="spotify" time="0.016" classname="com.Testing.Annotation.Groups_concept"/>
  <system-out/>
</testsuite> <!-- com.Testing.Annotation.Groups_concept -->
