<?xml version="1.0" encoding="UTF-8"?>
<!-- Generated by org.testng.reporters.JUnitReportReporter -->
<testsuite skipped="0" hostname="DESKTOP-AI3GI36" name="com.Testng_Practice_Project.Adactin_TestNG_Runner" tests="1" failures="0" timestamp="2022-04-03T11:21:20 IST" time="18.902" errors="0">
  <testcase name="HotelBooking" time="18.902" classname="com.Testng_Practice_Project.Adactin_TestNG_Runner"/>
  <system-out/>
</testsuite> <!-- com.Testng_Practice_Project.Adactin_TestNG_Runner -->
