<?xml version="1.0" encoding="UTF-8"?>
<!-- Generated by org.testng.reporters.JUnitReportReporter -->
<testsuite skipped="0" hostname="DESKTOP-AI3GI36" name="com.Testing.Annotation.Annotations_Demo" tests="2" failures="0" timestamp="2022-03-28T16:05:42 IST" time="0.031" errors="0">
  <testcase name="children" time="0.015" classname="com.Testing.Annotation.Annotations_Demo"/>
  <system-out/>
  <testcase name="women" time="0.016" classname="com.Testing.Annotation.Annotations_Demo"/>
  <system-out/>
</testsuite> <!-- com.Testing.Annotation.Annotations_Demo -->
