<?xml version="1.0" encoding="UTF-8"?>
<!-- Generated by org.testng.reporters.JUnitReportReporter -->
<testsuite skipped="1" hostname="DESKTOP-AI3GI36" name="com.Testing.Annotation.Ignore_concept" tests="4" failures="0" timestamp="2022-03-30T15:26:49 IST" time="0.016" errors="0">
  <testcase name="spotify" time="0.016" classname="com.Testing.Annotation.Ignore_concept"/>
  <system-out/>
  <testcase name="wynkmusic" time="0.000" classname="com.Testing.Annotation.Ignore_concept"/>
  <system-out/>
  <testcase name="instagram" time="0.000" classname="com.Testing.Annotation.Ignore_concept"/>
  <system-out/>
  <testcase name="books" classname="com.Testing.Annotation.Ignore_concept">
    <skipped/>
  </testcase> <!-- books -->
  <system-out/>
</testsuite> <!-- com.Testing.Annotation.Ignore_concept -->
