<?xml version="1.0" encoding="UTF-8"?>
<!-- Generated by org.testng.reporters.JUnitReportReporter -->
<testsuite skipped="0" hostname="DESKTOP-AI3GI36" name="com.Testing.Annotation.Data_Provider" tests="3" failures="0" timestamp="2022-03-30T16:28:58 IST" time="0.047" errors="0">
  <testcase name="adactin_Runner" time="0.000" classname="com.Testing.Annotation.Data_Provider"/>
  <system-out/>
  <testcase name="adactin_Runner" time="0.016" classname="com.Testing.Annotation.Data_Provider"/>
  <system-out/>
  <testcase name="adactin_Runner" time="0.031" classname="com.Testing.Annotation.Data_Provider"/>
  <system-out/>
</testsuite> <!-- com.Testing.Annotation.Data_Provider -->
