<?xml version="1.0" encoding="UTF-8"?>
<!-- Generated by org.testng.reporters.JUnitReportReporter -->
<testsuite skipped="0" hostname="DESKTOP-AI3GI36" name="com.Testing.Annotation.Invocation_count" tests="8" failures="0" timestamp="2022-03-29T14:38:07 IST" time="0.016" errors="0">
  <testcase name="browser_Launch" time="0.016" classname="com.Testing.Annotation.Invocation_count"/>
  <system-out/>
  <testcase name="refresh" time="0.000" classname="com.Testing.Annotation.Invocation_count"/>
  <system-out/>
  <testcase name="refresh" time="0.000" classname="com.Testing.Annotation.Invocation_count"/>
  <system-out/>
  <testcase name="refresh" time="0.000" classname="com.Testing.Annotation.Invocation_count"/>
  <system-out/>
  <testcase name="refresh" time="0.000" classname="com.Testing.Annotation.Invocation_count"/>
  <system-out/>
  <testcase name="refresh" time="0.000" classname="com.Testing.Annotation.Invocation_count"/>
  <system-out/>
  <testcase name="launch_Url" time="0.000" classname="com.Testing.Annotation.Invocation_count"/>
  <system-out/>
  <testcase name="credentials" time="0.000" classname="com.Testing.Annotation.Invocation_count"/>
  <system-out/>
</testsuite> <!-- com.Testing.Annotation.Invocation_count -->
