<?xml version="1.0" encoding="UTF-8"?>
<!-- Generated by org.testng.reporters.JUnitReportReporter -->
<testsuite skipped="0" hostname="DESKTOP-AI3GI36" name="com.Testing.Annotation.Assert_Concept" tests="1" failures="0" timestamp="2022-04-01T22:55:16 IST" time="0.068" errors="0">
  <testcase name="username1" time="0.068" classname="com.Testing.Annotation.Assert_Concept"/>
  <system-out/>
</testsuite> <!-- com.Testing.Annotation.Assert_Concept -->
