<?xml version="1.0" encoding="UTF-8"?>
<!-- Generated by org.testng.reporters.JUnitReportReporter -->
<testsuite skipped="0" hostname="DESKTOP-AI3GI36" name="com.Testing.Annotation.Priority_Concept" tests="3" failures="0" timestamp="2022-04-01T23:04:04 IST" time="0.042" errors="0">
  <testcase name="username" time="0.021" classname="com.Testing.Annotation.Priority_Concept"/>
  <system-out/>
  <testcase name="password" time="0.004" classname="com.Testing.Annotation.Priority_Concept"/>
  <system-out/>
  <testcase name="login" time="0.017" classname="com.Testing.Annotation.Priority_Concept"/>
  <system-out/>
</testsuite> <!-- com.Testing.Annotation.Priority_Concept -->
