<?xml version="1.0" encoding="UTF-8"?>
<!-- Generated by org.testng.reporters.JUnitReportReporter -->
<testsuite skipped="0" hostname="DESKTOP-AI3GI36" name="com.Testing.Annotation.Parameterized_Test" tests="2" failures="0" timestamp="2022-03-31T17:47:34 IST" time="0.032" errors="0">
  <testcase name="credentail" time="0.032" classname="com.Testing.Annotation.Parameterized_Test"/>
  <system-out/>
  <testcase name="credentails" time="0.000" classname="com.Testing.Annotation.Parameterized_Test"/>
  <system-out/>
</testsuite> <!-- com.Testing.Annotation.Parameterized_Test -->
