<?xml version="1.0" encoding="UTF-8"?>
<!-- Generated by org.testng.reporters.JUnitReportReporter -->
<testsuite skipped="0" hostname="DESKTOP-AI3GI36" name="com.Testing.Annotation.Dependency_Test" tests="3" failures="0" timestamp="2022-03-30T16:01:09 IST" time="0.016" errors="0">
  <testcase name="watch" time="0.016" classname="com.Testing.Annotation.Dependency_Test"/>
  <system-out/>
  <testcase name="mobile" time="0.000" classname="com.Testing.Annotation.Dependency_Test"/>
  <system-out/>
  <testcase name="offer" time="0.000" classname="com.Testing.Annotation.Dependency_Test"/>
  <system-out/>
</testsuite> <!-- com.Testing.Annotation.Dependency_Test -->
