<?xml version="1.0" encoding="UTF-8"?>
<!-- Generated by org.testng.reporters.JUnitReportReporter -->
<testsuite skipped="0" hostname="DESKTOP-AI3GI36" name="com.Testng_Practice_Project.Annotation_Runner" tests="3" failures="0" timestamp="2022-04-02T13:11:12 IST" time="195.135" errors="0">
  <testcase name="tshirts" time="59.507" classname="com.Testng_Practice_Project.Annotation_Runner"/>
  <system-out/>
  <testcase name="women" time="75.405" classname="com.Testng_Practice_Project.Annotation_Runner"/>
  <system-out/>
  <testcase name="dress" time="60.223" classname="com.Testng_Practice_Project.Annotation_Runner"/>
  <system-out/>
</testsuite> <!-- com.Testng_Practice_Project.Annotation_Runner -->
